[1.200s] Invoking command in '/home/world/ws_slam/build/semantic_mapper': PYTHONPATH=/home/world/ws_slam/build/semantic_mapper/prefix_override:/home/world/.local/lib/python3.10/site-packages/colcon_core/task/python/colcon_distutils_commands:/home/world/ws_slam/install/semantic_mapper/lib/python3.10/site-packages:${PYTHONPATH} /usr/bin/python3 -W ignore:setup.py install is deprecated -W ignore:easy_install command is deprecated setup.py develop --editable --build-directory /home/world/ws_slam/build/semantic_mapper/build --no-deps symlink_data
[1.674s] running develop
[1.966s] running egg_info
[1.966s] creating semantic_mapper.egg-info
[1.967s] writing semantic_mapper.egg-info/PKG-INFO
[1.967s] writing dependency_links to semantic_mapper.egg-info/dependency_links.txt
[1.967s] writing entry points to semantic_mapper.egg-info/entry_points.txt
[1.968s] writing requirements to semantic_mapper.egg-info/requires.txt
[1.968s] writing top-level names to semantic_mapper.egg-info/top_level.txt
[1.968s] writing manifest file 'semantic_mapper.egg-info/SOURCES.txt'
[1.971s] reading manifest file 'semantic_mapper.egg-info/SOURCES.txt'
[1.972s] writing manifest file 'semantic_mapper.egg-info/SOURCES.txt'
[1.975s] running build_ext
[1.976s] Creating /home/world/ws_slam/install/semantic_mapper/lib/python3.10/site-packages/semantic-mapper.egg-link (link to .)
[1.977s] Installing yolo_depth_mapper_node script to /home/world/ws_slam/install/semantic_mapper/lib/semantic_mapper
[1.978s] 
[1.978s] Installed /home/world/ws_slam/build/semantic_mapper
[1.978s] running symlink_data
[1.978s] creating /home/world/ws_slam/install/semantic_mapper/share/ament_index
[1.978s] creating /home/world/ws_slam/install/semantic_mapper/share/ament_index/resource_index
[1.979s] creating /home/world/ws_slam/install/semantic_mapper/share/ament_index/resource_index/packages
[1.979s] symbolically linking /home/world/ws_slam/build/semantic_mapper/resource/semantic_mapper -> /home/world/ws_slam/install/semantic_mapper/share/ament_index/resource_index/packages
[1.979s] symbolically linking /home/world/ws_slam/build/semantic_mapper/package.xml -> /home/world/ws_slam/install/semantic_mapper/share/semantic_mapper
[1.979s] creating /home/world/ws_slam/install/semantic_mapper/share/semantic_mapper/launch
[2.075s] Invoked command in '/home/world/ws_slam/build/semantic_mapper' returned '0': PYTHONPATH=/home/world/ws_slam/build/semantic_mapper/prefix_override:/home/world/.local/lib/python3.10/site-packages/colcon_core/task/python/colcon_distutils_commands:/home/world/ws_slam/install/semantic_mapper/lib/python3.10/site-packages:${PYTHONPATH} /usr/bin/python3 -W ignore:setup.py install is deprecated -W ignore:easy_install command is deprecated setup.py develop --editable --build-directory /home/world/ws_slam/build/semantic_mapper/build --no-deps symlink_data
